<?xml version="1.0" encoding="UTF-8"?>
<testsuite name="org.jfree.data.junit.DataPackageTests" time="0.023" tests="93" errors="0" skipped="0" failures="0">
  <properties>
[...]
</properties>
  <testcase name="testSerialization" classname="org.jfree.data.junit.ComparableObjectItemTests" time="0"/>
  <testcase name="testCompareTo" classname="org.jfree.data.junit.ComparableObjectItemTests" time="0"/>
  <testcase name="testCloning" classname="org.jfree.data.junit.ComparableObjectItemTests" time="0"/>
  <testcase name="testEquals" classname="org.jfree.data.junit.ComparableObjectItemTests" time="0"/>
  <testcase name="testConstructor" classname="org.jfree.data.junit.ComparableObjectItemTests" time="0"/>
  <testcase name="testSerialization" classname="org.jfree.data.junit.ComparableObjectSeriesTests" time="0.004"/>
  <testcase name="testConstructor1" classname="org.jfree.data.junit.ComparableObjectSeriesTests" time="0"/>
  <testcase name="testCloning" classname="org.jfree.data.junit.ComparableObjectSeriesTests" time="0"/>
  <testcase name="testHashCode" classname="org.jfree.data.junit.ComparableObjectSeriesTests" time="0"/>
  <testcase name="testEquals" classname="org.jfree.data.junit.ComparableObjectSeriesTests" time="0.001"/>
  <testcase name="testCreateNumberArray2D" classname="org.jfree.data.junit.DataUtilitiesTests" time="0"/>
  <testcase name="testCalculateColumnTotal" classname="org.jfree.data.junit.DataUtilitiesTests" time="0"/>
  <testcase name="testCalculateRowTotal" classname="org.jfree.data.junit.DataUtilitiesTests" time="0"/>
  <testcase name="testSerialization" classname="org.jfree.data.junit.DefaultKeyedValueTests" time="0.001"/>
  <testcase name="testCloning" classname="org.jfree.data.junit.DefaultKeyedValueTests" time="0"/>
  <testcase name="testEquals" classname="org.jfree.data.junit.DefaultKeyedValueTests" time="0"/>
  <testcase name="testGetIndex" classname="org.jfree.data.junit.DefaultKeyedValuesTests" time="0"/>
  <testcase name="testGetValue" classname="org.jfree.data.junit.DefaultKeyedValuesTests" time="0"/>
  <testcase name="testSerialization" classname="org.jfree.data.junit.DefaultKeyedValuesTests" time="0.001"/>
  <testcase name="testClear" classname="org.jfree.data.junit.DefaultKeyedValuesTests" time="0"/>
  <testcase name="testGetItemCount" classname="org.jfree.data.junit.DefaultKeyedValuesTests" time="0"/>
  <testcase name="testSortByKeyDescending" classname="org.jfree.data.junit.DefaultKeyedValuesTests" time="0.001"/>
  <testcase name="testRemoveValue" classname="org.jfree.data.junit.DefaultKeyedValuesTests" time="0"/>
  <testcase name="testInsertValue" classname="org.jfree.data.junit.DefaultKeyedValuesTests" time="0"/>
  <testcase name="testAddValue" classname="org.jfree.data.junit.DefaultKeyedValuesTests" time="0.001"/>
  <testcase name="testGetKeys" classname="org.jfree.data.junit.DefaultKeyedValuesTests" time="0"/>
  <testcase name="testSortByKeyAscending" classname="org.jfree.data.junit.DefaultKeyedValuesTests" time="0"/>
  <testcase name="testSortByValueAscending" classname="org.jfree.data.junit.DefaultKeyedValuesTests" time="0"/>
  <testcase name="testSortByValueDescending" classname="org.jfree.data.junit.DefaultKeyedValuesTests" time="0"/>
  <testcase name="testCloning" classname="org.jfree.data.junit.DefaultKeyedValuesTests" time="0"/>
  <testcase name="testGetIndex2" classname="org.jfree.data.junit.DefaultKeyedValuesTests" time="0"/>
  <testcase name="testInsertAndRetrieve" classname="org.jfree.data.junit.DefaultKeyedValuesTests" time="0.001"/>
  <testcase name="testGetKey" classname="org.jfree.data.junit.DefaultKeyedValuesTests" time="0"/>
  <testcase name="testConstructor" classname="org.jfree.data.junit.DefaultKeyedValuesTests" time="0"/>
  <testcase name="testGetValue" classname="org.jfree.data.junit.DefaultKeyedValues2DTests" time="0"/>
  <testcase name="testColumnCount" classname="org.jfree.data.junit.DefaultKeyedValues2DTests" time="0"/>
  <testcase name="testSerialization" classname="org.jfree.data.junit.DefaultKeyedValues2DTests" time="0.002"/>
  <testcase name="testRemoveValueBug1690654" classname="org.jfree.data.junit.DefaultKeyedValues2DTests" time="0"/>
  <testcase name="testGetColumnKey" classname="org.jfree.data.junit.DefaultKeyedValues2DTests" time="0"/>
  <testcase name="testRemoveColumnByKey" classname="org.jfree.data.junit.DefaultKeyedValues2DTests" time="0"/>
  <testcase name="testRemoveValue" classname="org.jfree.data.junit.DefaultKeyedValues2DTests" time="0"/>
  <testcase name="testCloning" classname="org.jfree.data.junit.DefaultKeyedValues2DTests" time="0"/>
  <testcase name="testRowCount" classname="org.jfree.data.junit.DefaultKeyedValues2DTests" time="0"/>
  <testcase name="testEquals" classname="org.jfree.data.junit.DefaultKeyedValues2DTests" time="0"/>
  <testcase name="testGetRowKey" classname="org.jfree.data.junit.DefaultKeyedValues2DTests" time="0"/>
  <testcase name="testGetValue2" classname="org.jfree.data.junit.DefaultKeyedValues2DTests" time="0"/>
  <testcase name="testSparsePopulation" classname="org.jfree.data.junit.DefaultKeyedValues2DTests" time="0"/>
  <testcase name="testRemoveRow" classname="org.jfree.data.junit.DefaultKeyedValues2DTests" time="0"/>
  <testcase name="testSerialization" classname="org.jfree.data.junit.DomainOrderTests" time="0.001"/>
  <testcase name="testHashCode" classname="org.jfree.data.junit.DomainOrderTests" time="0"/>
  <testcase name="testEquals" classname="org.jfree.data.junit.DomainOrderTests" time="0"/>
  <testcase name="testSerialization" classname="org.jfree.data.junit.KeyedObjectTests" time="0.001"/>
  <testcase name="testCloning" classname="org.jfree.data.junit.KeyedObjectTests" time="0"/>
  <testcase name="testEquals" classname="org.jfree.data.junit.KeyedObjectTests" time="0.001"/>
  <testcase name="testCloning2" classname="org.jfree.data.junit.KeyedObjectTests" time="0"/>
  <testcase name="testGetIndex" classname="org.jfree.data.junit.KeyedObjectsTests" time="0"/>
  <testcase name="testSerialization" classname="org.jfree.data.junit.KeyedObjectsTests" time="0.001"/>
  <testcase name="testRemoveValue" classname="org.jfree.data.junit.KeyedObjectsTests" time="0"/>
  <testcase name="testRemoveValueInt" classname="org.jfree.data.junit.KeyedObjectsTests" time="0"/>
  <testcase name="testCloning" classname="org.jfree.data.junit.KeyedObjectsTests" time="0.001"/>
  <testcase name="testSetObject" classname="org.jfree.data.junit.KeyedObjectsTests" time="0"/>
  <testcase name="testInsertAndRetrieve" classname="org.jfree.data.junit.KeyedObjectsTests" time="0"/>
  <testcase name="testGetObject" classname="org.jfree.data.junit.KeyedObjectsTests" time="0"/>
  <testcase name="testGetKey" classname="org.jfree.data.junit.KeyedObjectsTests" time="0"/>
  <testcase name="testCloning2" classname="org.jfree.data.junit.KeyedObjectsTests" time="0"/>
  <testcase name="testGetValueByIndex" classname="org.jfree.data.junit.KeyedObjects2DTests" time="0.001"/>
  <testcase name="testSerialization" classname="org.jfree.data.junit.KeyedObjects2DTests" time="0.001"/>
  <testcase name="testRemoveColumnByKey" classname="org.jfree.data.junit.KeyedObjects2DTests" time="0"/>
  <testcase name="testRemoveValue" classname="org.jfree.data.junit.KeyedObjects2DTests" time="0"/>
  <testcase name="testRemoveRowByIndex" classname="org.jfree.data.junit.KeyedObjects2DTests" time="0.001"/>
  <testcase name="testGetValueByKey" classname="org.jfree.data.junit.KeyedObjects2DTests" time="0"/>
  <testcase name="testRemoveColumnByIndex" classname="org.jfree.data.junit.KeyedObjects2DTests" time="0"/>
  <testcase name="testCloning" classname="org.jfree.data.junit.KeyedObjects2DTests" time="0"/>
  <testcase name="testSetObject" classname="org.jfree.data.junit.KeyedObjects2DTests" time="0"/>
  <testcase name="testEquals" classname="org.jfree.data.junit.KeyedObjects2DTests" time="0"/>
  <testcase name="testRemoveRowByKey" classname="org.jfree.data.junit.KeyedObjects2DTests" time="0"/>
  <testcase name="testGetGroup" classname="org.jfree.data.junit.KeyToGroupMapTests" time="0.001"/>
  <testcase name="testSerialization" classname="org.jfree.data.junit.KeyToGroupMapTests" time="0.001"/>
  <testcase name="testGetGroupIndex" classname="org.jfree.data.junit.KeyToGroupMapTests" time="0"/>
  <testcase name="testCloning" classname="org.jfree.data.junit.KeyToGroupMapTests" time="0"/>
  <testcase name="testGroupCount" classname="org.jfree.data.junit.KeyToGroupMapTests" time="0"/>
  <testcase name="testKeyCount" classname="org.jfree.data.junit.KeyToGroupMapTests" time="0"/>
  <testcase name="testEquals" classname="org.jfree.data.junit.KeyToGroupMapTests" time="0"/>
  <testcase name="testMapKeyToGroup" classname="org.jfree.data.junit.KeyToGroupMapTests" time="0"/>
  <testcase name="testSerialization" classname="org.jfree.data.junit.RangeTests" time="0"/>
  <testcase name="testContains" classname="org.jfree.data.junit.RangeTests" time="0"/>
  <testcase name="testConstrain" classname="org.jfree.data.junit.RangeTests" time="0"/>
  <testcase name="testEquals" classname="org.jfree.data.junit.RangeTests" time="0"/>
  <testcase name="testExpand" classname="org.jfree.data.junit.RangeTests" time="0"/>
  <testcase name="testIntersects" classname="org.jfree.data.junit.RangeTests" time="0"/>
  <testcase name="testSerialization" classname="org.jfree.data.junit.RangeTypeTests" time="0.001"/>
  <testcase name="testHashCode" classname="org.jfree.data.junit.RangeTypeTests" time="0"/>
  <testcase name="testEquals" classname="org.jfree.data.junit.RangeTypeTests" time="0"/>
</testsuite>