<?xml version="1.0" encoding="UTF-8"?>
<testsuite name="org.jfree.chart.labels.junit.LabelsPackageTests" time="0.066" tests="60" errors="0" skipped="0" failures="0">
  <properties>
[...]
</properties>
  <testcase name="testSerialization" classname="org.jfree.chart.labels.junit.BoxAndWhiskerToolTipGeneratorTests" time="0.003"/>
  <testcase name="testCloning" classname="org.jfree.chart.labels.junit.BoxAndWhiskerToolTipGeneratorTests" time="0"/>
  <testcase name="testEquals" classname="org.jfree.chart.labels.junit.BoxAndWhiskerToolTipGeneratorTests" time="0"/>
  <testcase name="testSerialization" classname="org.jfree.chart.labels.junit.BoxAndWhiskerXYToolTipGeneratorTests" time="0.002"/>
  <testcase name="testCloning" classname="org.jfree.chart.labels.junit.BoxAndWhiskerXYToolTipGeneratorTests" time="0.001"/>
  <testcase name="testEquals" classname="org.jfree.chart.labels.junit.BoxAndWhiskerXYToolTipGeneratorTests" time="0"/>
  <testcase name="testSerialization" classname="org.jfree.chart.labels.junit.BubbleXYItemLabelGeneratorTests" time="0.002"/>
  <testcase name="testGenerateLabel" classname="org.jfree.chart.labels.junit.BubbleXYItemLabelGeneratorTests" time="0"/>
  <testcase name="testCloning" classname="org.jfree.chart.labels.junit.BubbleXYItemLabelGeneratorTests" time="0"/>
  <testcase name="testEquals" classname="org.jfree.chart.labels.junit.BubbleXYItemLabelGeneratorTests" time="0"/>
  <testcase name="testSerialization" classname="org.jfree.chart.labels.junit.CustomXYItemLabelGeneratorTests" time="0.001"/>
  <testcase name="testCloning" classname="org.jfree.chart.labels.junit.CustomXYItemLabelGeneratorTests" time="0"/>
  <testcase name="testSerialization" classname="org.jfree.chart.labels.junit.HighLowItemLabelGeneratorTests" time="0.012"/>
  <testcase name="testCloning" classname="org.jfree.chart.labels.junit.HighLowItemLabelGeneratorTests" time="0"/>
  <testcase name="testEquals" classname="org.jfree.chart.labels.junit.HighLowItemLabelGeneratorTests" time="0.001"/>
  <testcase name="testSerialization" classname="org.jfree.chart.labels.junit.IntervalCategoryLabelGeneratorTests" time="0.01"/>
  <testcase name="testCloning" classname="org.jfree.chart.labels.junit.IntervalCategoryLabelGeneratorTests" time="0"/>
  <testcase name="testEquals" classname="org.jfree.chart.labels.junit.IntervalCategoryLabelGeneratorTests" time="0"/>
  <testcase name="testSerialization" classname="org.jfree.chart.labels.junit.ItemLabelAnchorTests" time="0.001"/>
  <testcase name="testEquals" classname="org.jfree.chart.labels.junit.ItemLabelAnchorTests" time="0"/>
  <testcase name="testSerialization" classname="org.jfree.chart.labels.junit.ItemLabelPositionTests" time="0.001"/>
  <testcase name="testEquals" classname="org.jfree.chart.labels.junit.ItemLabelPositionTests" time="0"/>
  <testcase name="testSerialization" classname="org.jfree.chart.labels.junit.MultipleXYSeriesLabelGeneratorTests" time="0.002"/>
  <testcase name="testCloning" classname="org.jfree.chart.labels.junit.MultipleXYSeriesLabelGeneratorTests" time="0"/>
  <testcase name="testEquals" classname="org.jfree.chart.labels.junit.MultipleXYSeriesLabelGeneratorTests" time="0"/>
  <testcase name="testSerialization" classname="org.jfree.chart.labels.junit.StandardCategoryItemLabelGeneratorTests" time="0.008"/>
  <testcase name="testGenerateLabel" classname="org.jfree.chart.labels.junit.StandardCategoryItemLabelGeneratorTests" time="0"/>
  <testcase name="testCloning" classname="org.jfree.chart.labels.junit.StandardCategoryItemLabelGeneratorTests" time="0"/>
  <testcase name="testEquals1481087" classname="org.jfree.chart.labels.junit.StandardCategoryItemLabelGeneratorTests" time="0"/>
  <testcase name="testEquals" classname="org.jfree.chart.labels.junit.StandardCategoryItemLabelGeneratorTests" time="0.001"/>
  <testcase name="testSerialization" classname="org.jfree.chart.labels.junit.StandardCategorySeriesLabelGeneratorTests" time="0"/>
  <testcase name="testGenerateLabel" classname="org.jfree.chart.labels.junit.StandardCategorySeriesLabelGeneratorTests" time="0.001"/>
  <testcase name="testCloning" classname="org.jfree.chart.labels.junit.StandardCategorySeriesLabelGeneratorTests" time="0"/>
  <testcase name="testEquals" classname="org.jfree.chart.labels.junit.StandardCategorySeriesLabelGeneratorTests" time="0"/>
  <testcase name="testSerialization" classname="org.jfree.chart.labels.junit.StandardCategoryToolTipGeneratorTests" time="0.007"/>
  <testcase name="testCloning" classname="org.jfree.chart.labels.junit.StandardCategoryToolTipGeneratorTests" time="0"/>
  <testcase name="testEquals1481087" classname="org.jfree.chart.labels.junit.StandardCategoryToolTipGeneratorTests" time="0"/>
  <testcase name="testEquals" classname="org.jfree.chart.labels.junit.StandardCategoryToolTipGeneratorTests" time="0.001"/>
  <testcase name="testSerialization" classname="org.jfree.chart.labels.junit.StandardPieSectionLabelGeneratorTests" time="0.003"/>
  <testcase name="testCloning" classname="org.jfree.chart.labels.junit.StandardPieSectionLabelGeneratorTests" time="0"/>
  <testcase name="testEquals" classname="org.jfree.chart.labels.junit.StandardPieSectionLabelGeneratorTests" time="0"/>
  <testcase name="testSerialization" classname="org.jfree.chart.labels.junit.StandardPieToolTipGeneratorTests" time="0.001"/>
  <testcase name="testCloning" classname="org.jfree.chart.labels.junit.StandardPieToolTipGeneratorTests" time="0"/>
  <testcase name="testEquals" classname="org.jfree.chart.labels.junit.StandardPieToolTipGeneratorTests" time="0"/>
  <testcase name="testSerialization" classname="org.jfree.chart.labels.junit.StandardXYItemLabelGeneratorTests" time="0.001"/>
  <testcase name="testCloning" classname="org.jfree.chart.labels.junit.StandardXYItemLabelGeneratorTests" time="0.001"/>
  <testcase name="testEquals" classname="org.jfree.chart.labels.junit.StandardXYItemLabelGeneratorTests" time="0"/>
  <testcase name="testSerialization" classname="org.jfree.chart.labels.junit.StandardXYSeriesLabelGeneratorTests" time="0.001"/>
  <testcase name="testGenerateLabel" classname="org.jfree.chart.labels.junit.StandardXYSeriesLabelGeneratorTests" time="0"/>
  <testcase name="testCloning" classname="org.jfree.chart.labels.junit.StandardXYSeriesLabelGeneratorTests" time="0"/>
  <testcase name="testEquals" classname="org.jfree.chart.labels.junit.StandardXYSeriesLabelGeneratorTests" time="0"/>
  <testcase name="testSerialization" classname="org.jfree.chart.labels.junit.StandardXYToolTipGeneratorTests" time="0.001"/>
  <testcase name="testCloning" classname="org.jfree.chart.labels.junit.StandardXYToolTipGeneratorTests" time="0"/>
  <testcase name="testEquals" classname="org.jfree.chart.labels.junit.StandardXYToolTipGeneratorTests" time="0.001"/>
  <testcase name="testSerialization" classname="org.jfree.chart.labels.junit.StandardXYZToolTipGeneratorTests" time="0.001"/>
  <testcase name="testCloning" classname="org.jfree.chart.labels.junit.StandardXYZToolTipGeneratorTests" time="0.001"/>
  <testcase name="testEquals" classname="org.jfree.chart.labels.junit.StandardXYZToolTipGeneratorTests" time="0"/>
  <testcase name="testSerialization" classname="org.jfree.chart.labels.junit.SymbolicXYItemLabelGeneratorTests" time="0.001"/>
  <testcase name="testCloning" classname="org.jfree.chart.labels.junit.SymbolicXYItemLabelGeneratorTests" time="0"/>
  <testcase name="testEquals" classname="org.jfree.chart.labels.junit.SymbolicXYItemLabelGeneratorTests" time="0"/>
</testsuite>