<?xml version="1.0" encoding="UTF-8"?>
<testsuite name="org.jfree.data.xy.junit.DataXYPackageTests" time="0.062" tests="200" errors="0" skipped="0" failures="0">
  <properties>
[...]
</properties>
  <testcase name="testSerialization" classname="org.jfree.data.xy.junit.CategoryTableXYDatasetTests" time="0.001"/>
  <testcase name="testCloning" classname="org.jfree.data.xy.junit.CategoryTableXYDatasetTests" time="0"/>
  <testcase name="testAddSeries" classname="org.jfree.data.xy.junit.CategoryTableXYDatasetTests" time="0"/>
  <testcase name="testEquals" classname="org.jfree.data.xy.junit.CategoryTableXYDatasetTests" time="0"/>
  <testcase name="testSerialization" classname="org.jfree.data.xy.junit.DefaultHighLowDatasetTests" time="0.003"/>
  <testcase name="testCloning" classname="org.jfree.data.xy.junit.DefaultHighLowDatasetTests" time="0"/>
  <testcase name="testEquals" classname="org.jfree.data.xy.junit.DefaultHighLowDatasetTests" time="0"/>
  <testcase name="testGetEndXValue" classname="org.jfree.data.xy.junit.DefaultIntervalXYDatasetTests" time="0"/>
  <testcase name="testGetEndYValue" classname="org.jfree.data.xy.junit.DefaultIntervalXYDatasetTests" time="0"/>
  <testcase name="testSerialization" classname="org.jfree.data.xy.junit.DefaultIntervalXYDatasetTests" time="0.002"/>
  <testcase name="testGetItemCount" classname="org.jfree.data.xy.junit.DefaultIntervalXYDatasetTests" time="0"/>
  <testcase name="testGetSeriesKey" classname="org.jfree.data.xy.junit.DefaultIntervalXYDatasetTests" time="0"/>
  <testcase name="testGetSeriesCount" classname="org.jfree.data.xy.junit.DefaultIntervalXYDatasetTests" time="0"/>
  <testcase name="testCloning" classname="org.jfree.data.xy.junit.DefaultIntervalXYDatasetTests" time="0.001"/>
  <testcase name="testGetStartXValue" classname="org.jfree.data.xy.junit.DefaultIntervalXYDatasetTests" time="0"/>
  <testcase name="testAddSeries" classname="org.jfree.data.xy.junit.DefaultIntervalXYDatasetTests" time="0"/>
  <testcase name="testGetStartYValue" classname="org.jfree.data.xy.junit.DefaultIntervalXYDatasetTests" time="0"/>
  <testcase name="testEquals" classname="org.jfree.data.xy.junit.DefaultIntervalXYDatasetTests" time="0"/>
  <testcase name="testIndexOf" classname="org.jfree.data.xy.junit.DefaultIntervalXYDatasetTests" time="0"/>
  <testcase name="testGetXValue" classname="org.jfree.data.xy.junit.DefaultIntervalXYDatasetTests" time="0"/>
  <testcase name="testGetYValue" classname="org.jfree.data.xy.junit.DefaultIntervalXYDatasetTests" time="0.001"/>
  <testcase name="testCloning2" classname="org.jfree.data.xy.junit.DefaultIntervalXYDatasetTests" time="0"/>
  <testcase name="testSerialization" classname="org.jfree.data.xy.junit.DefaultOHLCDatasetTests" time="0.002"/>
  <testcase name="testDataRange" classname="org.jfree.data.xy.junit.DefaultOHLCDatasetTests" time="0"/>
  <testcase name="testCloning" classname="org.jfree.data.xy.junit.DefaultOHLCDatasetTests" time="0"/>
  <testcase name="testEquals" classname="org.jfree.data.xy.junit.DefaultOHLCDatasetTests" time="0"/>
  <testcase name="testSerialization" classname="org.jfree.data.xy.junit.DefaultTableXYDatasetTests" time="0.003"/>
  <testcase name="testCloning" classname="org.jfree.data.xy.junit.DefaultTableXYDatasetTests" time="0"/>
  <testcase name="testAddSeries" classname="org.jfree.data.xy.junit.DefaultTableXYDatasetTests" time="0.001"/>
  <testcase name="testEquals" classname="org.jfree.data.xy.junit.DefaultTableXYDatasetTests" time="0"/>
  <testcase name="testGetSeries" classname="org.jfree.data.xy.junit.DefaultTableXYDatasetTests" time="0"/>
  <testcase name="testSerialization" classname="org.jfree.data.xy.junit.DefaultWindDatasetTests" time="0.005"/>
  <testcase name="testGetSeriesKey" classname="org.jfree.data.xy.junit.DefaultWindDatasetTests" time="0"/>
  <testcase name="testCloning" classname="org.jfree.data.xy.junit.DefaultWindDatasetTests" time="0"/>
  <testcase name="testEquals" classname="org.jfree.data.xy.junit.DefaultWindDatasetTests" time="0.001"/>
  <testcase name="testIndexOf" classname="org.jfree.data.xy.junit.DefaultWindDatasetTests" time="0"/>
  <testcase name="testSerialization" classname="org.jfree.data.xy.junit.DefaultXYDatasetTests" time="0.002"/>
  <testcase name="testGetSeriesKey" classname="org.jfree.data.xy.junit.DefaultXYDatasetTests" time="0"/>
  <testcase name="testCloning" classname="org.jfree.data.xy.junit.DefaultXYDatasetTests" time="0"/>
  <testcase name="testAddSeries" classname="org.jfree.data.xy.junit.DefaultXYDatasetTests" time="0"/>
  <testcase name="testEquals" classname="org.jfree.data.xy.junit.DefaultXYDatasetTests" time="0"/>
  <testcase name="testIndexOf" classname="org.jfree.data.xy.junit.DefaultXYDatasetTests" time="0"/>
  <testcase name="testSerialization" classname="org.jfree.data.xy.junit.DefaultXYZDatasetTests" time="0.003"/>
  <testcase name="testGetSeriesKey" classname="org.jfree.data.xy.junit.DefaultXYZDatasetTests" time="0"/>
  <testcase name="testCloning" classname="org.jfree.data.xy.junit.DefaultXYZDatasetTests" time="0"/>
  <testcase name="testAddSeries" classname="org.jfree.data.xy.junit.DefaultXYZDatasetTests" time="0"/>
  <testcase name="testEquals" classname="org.jfree.data.xy.junit.DefaultXYZDatasetTests" time="0"/>
  <testcase name="testIndexOf" classname="org.jfree.data.xy.junit.DefaultXYZDatasetTests" time="0"/>
  <testcase name="testSerialization" classname="org.jfree.data.xy.junit.IntervalXYDelegateTests" time="0.002"/>
  <testcase name="testCloning" classname="org.jfree.data.xy.junit.IntervalXYDelegateTests" time="0"/>
  <testcase name="testEquals" classname="org.jfree.data.xy.junit.IntervalXYDelegateTests" time="0"/>
  <testcase name="testSerialization" classname="org.jfree.data.xy.junit.MatrixSeriesCollectionTests" time="0.002"/>
  <testcase name="testCloning" classname="org.jfree.data.xy.junit.MatrixSeriesCollectionTests" time="0"/>
  <testcase name="testEquals" classname="org.jfree.data.xy.junit.MatrixSeriesCollectionTests" time="0"/>
  <testcase name="testGetItemRow" classname="org.jfree.data.xy.junit.MatrixSeriesTests" time="0.001"/>
  <testcase name="testSerialization" classname="org.jfree.data.xy.junit.MatrixSeriesTests" time="0"/>
  <testcase name="testGetItemColumn" classname="org.jfree.data.xy.junit.MatrixSeriesTests" time="0"/>
  <testcase name="testGetItem" classname="org.jfree.data.xy.junit.MatrixSeriesTests" time="0"/>
  <testcase name="testCloning" classname="org.jfree.data.xy.junit.MatrixSeriesTests" time="0"/>
  <testcase name="testEquals" classname="org.jfree.data.xy.junit.MatrixSeriesTests" time="0.001"/>
  <testcase name="testSerialization" classname="org.jfree.data.xy.junit.OHLCDataItemTests" time="0"/>
  <testcase name="testCloning" classname="org.jfree.data.xy.junit.OHLCDataItemTests" time="0"/>
  <testcase name="testEquals" classname="org.jfree.data.xy.junit.OHLCDataItemTests" time="0"/>
  <testcase name="testAutoPrune" classname="org.jfree.data.xy.junit.TableXYDatasetTests" time="0"/>
  <testcase name="testSerialization" classname="org.jfree.data.xy.junit.TableXYDatasetTests" time="0.001"/>
  <testcase name="testPrune" classname="org.jfree.data.xy.junit.TableXYDatasetTests" time="0.001"/>
  <testcase name="testRemoveAllValuesForX" classname="org.jfree.data.xy.junit.TableXYDatasetTests" time="0"/>
  <testcase name="testCloning" classname="org.jfree.data.xy.junit.TableXYDatasetTests" time="0"/>
  <testcase name="test788597" classname="org.jfree.data.xy.junit.TableXYDatasetTests" time="0"/>
  <testcase name="testEquals" classname="org.jfree.data.xy.junit.TableXYDatasetTests" time="0"/>
  <testcase name="testTableXYDataset" classname="org.jfree.data.xy.junit.TableXYDatasetTests" time="0.001"/>
  <testcase name="testSerialization" classname="org.jfree.data.xy.junit.VectorDataItemTests" time="0.002"/>
  <testcase name="testCloning" classname="org.jfree.data.xy.junit.VectorDataItemTests" time="0"/>
  <testcase name="testHashcode" classname="org.jfree.data.xy.junit.VectorDataItemTests" time="0"/>
  <testcase name="testEquals" classname="org.jfree.data.xy.junit.VectorDataItemTests" time="0"/>
  <testcase name="testSerialization" classname="org.jfree.data.xy.junit.VectorSeriesCollectionTests" time="0.002"/>
  <testcase name="testRemoveSeries" classname="org.jfree.data.xy.junit.VectorSeriesCollectionTests" time="0"/>
  <testcase name="testCloning" classname="org.jfree.data.xy.junit.VectorSeriesCollectionTests" time="0"/>
  <testcase name="testEquals" classname="org.jfree.data.xy.junit.VectorSeriesCollectionTests" time="0"/>
  <testcase name="testSerialization" classname="org.jfree.data.xy.junit.VectorSeriesTests" time="0.001"/>
  <testcase name="testAdd" classname="org.jfree.data.xy.junit.VectorSeriesTests" time="0"/>
  <testcase name="testSetMaximumItemCount2" classname="org.jfree.data.xy.junit.VectorSeriesTests" time="0"/>
  <testcase name="testClear" classname="org.jfree.data.xy.junit.VectorSeriesTests" time="0"/>
  <testcase name="testSetMaximumItemCount" classname="org.jfree.data.xy.junit.VectorSeriesTests" time="0"/>
  <testcase name="testCloning" classname="org.jfree.data.xy.junit.VectorSeriesTests" time="0"/>
  <testcase name="testAdditionOfDuplicateXValues" classname="org.jfree.data.xy.junit.VectorSeriesTests" time="0"/>
  <testcase name="testIndexOf2" classname="org.jfree.data.xy.junit.VectorSeriesTests" time="0.001"/>
  <testcase name="testEquals" classname="org.jfree.data.xy.junit.VectorSeriesTests" time="0"/>
  <testcase name="testIndexOf" classname="org.jfree.data.xy.junit.VectorSeriesTests" time="0"/>
  <testcase name="testRemove" classname="org.jfree.data.xy.junit.VectorSeriesTests" time="0"/>
  <testcase name="testSerialization" classname="org.jfree.data.xy.junit.VectorTests" time="0"/>
  <testcase name="testCloning" classname="org.jfree.data.xy.junit.VectorTests" time="0"/>
  <testcase name="testHashcode" classname="org.jfree.data.xy.junit.VectorTests" time="0"/>
  <testcase name="testEquals" classname="org.jfree.data.xy.junit.VectorTests" time="0"/>
  <testcase name="testSerialization" classname="org.jfree.data.xy.junit.XIntervalDataItemTests" time="0.002"/>
  <testcase name="testConstructor1" classname="org.jfree.data.xy.junit.XIntervalDataItemTests" time="0"/>
  <testcase name="testCloning" classname="org.jfree.data.xy.junit.XIntervalDataItemTests" time="0"/>
  <testcase name="testEquals" classname="org.jfree.data.xy.junit.XIntervalDataItemTests" time="0"/>
  <testcase name="testSerialization" classname="org.jfree.data.xy.junit.XIntervalSeriesCollectionTests" time="0.002"/>
  <testcase name="test1170825" classname="org.jfree.data.xy.junit.XIntervalSeriesCollectionTests" time="0"/>
  <testcase name="testCloning" classname="org.jfree.data.xy.junit.XIntervalSeriesCollectionTests" time="0"/>
  <testcase name="testEquals" classname="org.jfree.data.xy.junit.XIntervalSeriesCollectionTests" time="0"/>
  <testcase name="testSerialization" classname="org.jfree.data.xy.junit.XIntervalSeriesTests" time="0.001"/>
  <testcase name="testAdd" classname="org.jfree.data.xy.junit.XIntervalSeriesTests" time="0"/>
  <testcase name="testSetMaximumItemCount2" classname="org.jfree.data.xy.junit.XIntervalSeriesTests" time="0.001"/>
  <testcase name="testClear" classname="org.jfree.data.xy.junit.XIntervalSeriesTests" time="0"/>
  <testcase name="testSetMaximumItemCount" classname="org.jfree.data.xy.junit.XIntervalSeriesTests" time="0"/>
  <testcase name="testCloning" classname="org.jfree.data.xy.junit.XIntervalSeriesTests" time="0"/>
  <testcase name="testAdditionOfDuplicateXValues" classname="org.jfree.data.xy.junit.XIntervalSeriesTests" time="0"/>
  <testcase name="testGetXHighValue" classname="org.jfree.data.xy.junit.XIntervalSeriesTests" time="0"/>
  <testcase name="testIndexOf2" classname="org.jfree.data.xy.junit.XIntervalSeriesTests" time="0"/>
  <testcase name="testEquals" classname="org.jfree.data.xy.junit.XIntervalSeriesTests" time="0"/>
  <testcase name="testGetXLowValue" classname="org.jfree.data.xy.junit.XIntervalSeriesTests" time="0"/>
  <testcase name="testIndexOf" classname="org.jfree.data.xy.junit.XIntervalSeriesTests" time="0"/>
  <testcase name="testRemove" classname="org.jfree.data.xy.junit.XIntervalSeriesTests" time="0"/>
  <testcase name="testSerialization" classname="org.jfree.data.xy.junit.XYBarDatasetTests" time="0.001"/>
  <testcase name="testCloning" classname="org.jfree.data.xy.junit.XYBarDatasetTests" time="0"/>
  <testcase name="testEquals" classname="org.jfree.data.xy.junit.XYBarDatasetTests" time="0"/>
  <testcase name="testSerialization" classname="org.jfree.data.xy.junit.XYCoordinateTests" time="0"/>
  <testcase name="testCloning" classname="org.jfree.data.xy.junit.XYCoordinateTests" time="0"/>
  <testcase name="testHashcode" classname="org.jfree.data.xy.junit.XYCoordinateTests" time="0"/>
  <testcase name="testEquals" classname="org.jfree.data.xy.junit.XYCoordinateTests" time="0"/>
  <testcase name="testSerialization" classname="org.jfree.data.xy.junit.XYDataItemTests" time="0"/>
  <testcase name="testCloning" classname="org.jfree.data.xy.junit.XYDataItemTests" time="0"/>
  <testcase name="testEquals" classname="org.jfree.data.xy.junit.XYDataItemTests" time="0"/>
  <testcase name="testSerialization" classname="org.jfree.data.xy.junit.XYIntervalDataItemTests" time="0.002"/>
  <testcase name="testConstructor1" classname="org.jfree.data.xy.junit.XYIntervalDataItemTests" time="0"/>
  <testcase name="testCloning" classname="org.jfree.data.xy.junit.XYIntervalDataItemTests" time="0"/>
  <testcase name="testEquals" classname="org.jfree.data.xy.junit.XYIntervalDataItemTests" time="0"/>
  <testcase name="testSerialization" classname="org.jfree.data.xy.junit.XYIntervalSeriesCollectionTests" time="0.002"/>
  <testcase name="test1170825" classname="org.jfree.data.xy.junit.XYIntervalSeriesCollectionTests" time="0"/>
  <testcase name="testCloning" classname="org.jfree.data.xy.junit.XYIntervalSeriesCollectionTests" time="0"/>
  <testcase name="testEquals" classname="org.jfree.data.xy.junit.XYIntervalSeriesCollectionTests" time="0"/>
  <testcase name="testSerialization" classname="org.jfree.data.xy.junit.XYIntervalSeriesTests" time="0.001"/>
  <testcase name="testAdd" classname="org.jfree.data.xy.junit.XYIntervalSeriesTests" time="0.001"/>
  <testcase name="testSetMaximumItemCount2" classname="org.jfree.data.xy.junit.XYIntervalSeriesTests" time="0"/>
  <testcase name="testClear" classname="org.jfree.data.xy.junit.XYIntervalSeriesTests" time="0"/>
  <testcase name="testSetMaximumItemCount" classname="org.jfree.data.xy.junit.XYIntervalSeriesTests" time="0"/>
  <testcase name="testCloning" classname="org.jfree.data.xy.junit.XYIntervalSeriesTests" time="0"/>
  <testcase name="testAdditionOfDuplicateXValues" classname="org.jfree.data.xy.junit.XYIntervalSeriesTests" time="0"/>
  <testcase name="testIndexOf2" classname="org.jfree.data.xy.junit.XYIntervalSeriesTests" time="0"/>
  <testcase name="testEquals" classname="org.jfree.data.xy.junit.XYIntervalSeriesTests" time="0"/>
  <testcase name="testIndexOf" classname="org.jfree.data.xy.junit.XYIntervalSeriesTests" time="0"/>
  <testcase name="testRemove" classname="org.jfree.data.xy.junit.XYIntervalSeriesTests" time="0"/>
  <testcase name="testValues" classname="org.jfree.data.xy.junit.XYIntervalSeriesTests" time="0"/>
  <testcase name="testSerialization" classname="org.jfree.data.xy.junit.XYIntervalTests" time="0"/>
  <testcase name="testCloning" classname="org.jfree.data.xy.junit.XYIntervalTests" time="0"/>
  <testcase name="testEquals" classname="org.jfree.data.xy.junit.XYIntervalTests" time="0"/>
  <testcase name="testSerialization" classname="org.jfree.data.xy.junit.XYSeriesCollectionTests" time="0.001"/>
  <testcase name="test1170825" classname="org.jfree.data.xy.junit.XYSeriesCollectionTests" time="0"/>
  <testcase name="testRemoveSeries" classname="org.jfree.data.xy.junit.XYSeriesCollectionTests" time="0"/>
  <testcase name="testGetSeriesByKey" classname="org.jfree.data.xy.junit.XYSeriesCollectionTests" time="0"/>
  <testcase name="testCloning" classname="org.jfree.data.xy.junit.XYSeriesCollectionTests" time="0.001"/>
  <testcase name="testEquals" classname="org.jfree.data.xy.junit.XYSeriesCollectionTests" time="0"/>
  <testcase name="testGetSeries" classname="org.jfree.data.xy.junit.XYSeriesCollectionTests" time="0"/>
  <testcase name="testIndexOf" classname="org.jfree.data.xy.junit.XYSeriesCollectionTests" time="0"/>
  <testcase name="testToArray" classname="org.jfree.data.xy.junit.XYSeriesTests" time="0"/>
  <testcase name="testSerialization" classname="org.jfree.data.xy.junit.XYSeriesTests" time="0.001"/>
  <testcase name="testAdd" classname="org.jfree.data.xy.junit.XYSeriesTests" time="0"/>
  <testcase name="testSetMaximumItemCount2" classname="org.jfree.data.xy.junit.XYSeriesTests" time="0"/>
  <testcase name="testAddOrUpdate" classname="org.jfree.data.xy.junit.XYSeriesTests" time="0"/>
  <testcase name="testUpdate2" classname="org.jfree.data.xy.junit.XYSeriesTests" time="0"/>
  <testcase name="testToArrayExample" classname="org.jfree.data.xy.junit.XYSeriesTests" time="0"/>
  <testcase name="testSetMaximumItemCount" classname="org.jfree.data.xy.junit.XYSeriesTests" time="0"/>
  <testcase name="testAddOrUpdate2" classname="org.jfree.data.xy.junit.XYSeriesTests" time="0.001"/>
  <testcase name="testCloning" classname="org.jfree.data.xy.junit.XYSeriesTests" time="0"/>
  <testcase name="testAdditionOfDuplicateXValues" classname="org.jfree.data.xy.junit.XYSeriesTests" time="0"/>
  <testcase name="testIndexOf2" classname="org.jfree.data.xy.junit.XYSeriesTests" time="0"/>
  <testcase name="testHashCode" classname="org.jfree.data.xy.junit.XYSeriesTests" time="0"/>
  <testcase name="testEquals" classname="org.jfree.data.xy.junit.XYSeriesTests" time="0"/>
  <testcase name="testIndexOf" classname="org.jfree.data.xy.junit.XYSeriesTests" time="0"/>
  <testcase name="testRemove" classname="org.jfree.data.xy.junit.XYSeriesTests" time="0"/>
  <testcase name="testUpdate" classname="org.jfree.data.xy.junit.XYSeriesTests" time="0.001"/>
  <testcase name="testCloning2" classname="org.jfree.data.xy.junit.XYSeriesTests" time="0"/>
  <testcase name="testCloning3" classname="org.jfree.data.xy.junit.XYSeriesTests" time="0"/>
  <testcase name="testSerialization" classname="org.jfree.data.xy.junit.YIntervalDataItemTests" time="0.001"/>
  <testcase name="testConstructor1" classname="org.jfree.data.xy.junit.YIntervalDataItemTests" time="0"/>
  <testcase name="testCloning" classname="org.jfree.data.xy.junit.YIntervalDataItemTests" time="0"/>
  <testcase name="testEquals" classname="org.jfree.data.xy.junit.YIntervalDataItemTests" time="0.001"/>
  <testcase name="testSerialization" classname="org.jfree.data.xy.junit.YIntervalSeriesCollectionTests" time="0.001"/>
  <testcase name="test1170825" classname="org.jfree.data.xy.junit.YIntervalSeriesCollectionTests" time="0"/>
  <testcase name="testCloning" classname="org.jfree.data.xy.junit.YIntervalSeriesCollectionTests" time="0"/>
  <testcase name="testEquals" classname="org.jfree.data.xy.junit.YIntervalSeriesCollectionTests" time="0"/>
  <testcase name="testSerialization" classname="org.jfree.data.xy.junit.YIntervalSeriesTests" time="0.001"/>
  <testcase name="testAdd" classname="org.jfree.data.xy.junit.YIntervalSeriesTests" time="0"/>
  <testcase name="testSetMaximumItemCount2" classname="org.jfree.data.xy.junit.YIntervalSeriesTests" time="0"/>
  <testcase name="testClear" classname="org.jfree.data.xy.junit.YIntervalSeriesTests" time="0"/>
  <testcase name="testSetMaximumItemCount" classname="org.jfree.data.xy.junit.YIntervalSeriesTests" time="0"/>
  <testcase name="testCloning" classname="org.jfree.data.xy.junit.YIntervalSeriesTests" time="0"/>
  <testcase name="testAdditionOfDuplicateXValues" classname="org.jfree.data.xy.junit.YIntervalSeriesTests" time="0"/>
  <testcase name="testIndexOf2" classname="org.jfree.data.xy.junit.YIntervalSeriesTests" time="0"/>
  <testcase name="testEquals" classname="org.jfree.data.xy.junit.YIntervalSeriesTests" time="0"/>
  <testcase name="testIndexOf" classname="org.jfree.data.xy.junit.YIntervalSeriesTests" time="0"/>
  <testcase name="testRemove" classname="org.jfree.data.xy.junit.YIntervalSeriesTests" time="0"/>
  <testcase name="testSerialization" classname="org.jfree.data.xy.junit.YIntervalTests" time="0"/>
  <testcase name="testCloning" classname="org.jfree.data.xy.junit.YIntervalTests" time="0"/>
  <testcase name="testEquals" classname="org.jfree.data.xy.junit.YIntervalTests" time="0"/>
  <testcase name="testSerialization" classname="org.jfree.data.xy.junit.YWithXIntervalTests" time="0"/>
  <testcase name="testCloning" classname="org.jfree.data.xy.junit.YWithXIntervalTests" time="0"/>
  <testcase name="testEquals" classname="org.jfree.data.xy.junit.YWithXIntervalTests" time="0"/>
</testsuite>