<?xml version="1.0" encoding="UTF-8"?>
<testsuite name="org.jfree.data.time.junit.DataTimePackageTests" time="0.106" tests="253" errors="0" skipped="0" failures="0">
  <properties>
[...]
</properties>
  <testcase name="testSerialization" classname="org.jfree.data.time.junit.DateRangeTests" time="0.001"/>
  <testcase name="testClone" classname="org.jfree.data.time.junit.DateRangeTests" time="0"/>
  <testcase name="testEquals" classname="org.jfree.data.time.junit.DateRangeTests" time="0"/>
  <testcase name="testGetFirstMillisecondWithCalendar" classname="org.jfree.data.time.junit.DayTests" time="0.002"/>
  <testcase name="testGetStart" classname="org.jfree.data.time.junit.DayTests" time="0"/>
  <testcase name="testSerialization" classname="org.jfree.data.time.junit.DayTests" time="0.001"/>
  <testcase name="testNext" classname="org.jfree.data.time.junit.DayTests" time="0.001"/>
  <testcase name="test31Dec9999Next" classname="org.jfree.data.time.junit.DayTests" time="0"/>
  <testcase name="testGetLastMillisecondWithCalendar" classname="org.jfree.data.time.junit.DayTests" time="0"/>
  <testcase name="testEqualsSelf" classname="org.jfree.data.time.junit.DayTests" time="0"/>
  <testcase name="testDateConstructor1" classname="org.jfree.data.time.junit.DayTests" time="0.001"/>
  <testcase name="testDateConstructor2" classname="org.jfree.data.time.junit.DayTests" time="0"/>
  <testcase name="test1Jan1900Next" classname="org.jfree.data.time.junit.DayTests" time="0"/>
  <testcase name="test31Dec9999Previous" classname="org.jfree.data.time.junit.DayTests" time="0"/>
  <testcase name="testGetFirstMillisecond" classname="org.jfree.data.time.junit.DayTests" time="0"/>
  <testcase name="testGetFirstMillisecondWithTimeZone" classname="org.jfree.data.time.junit.DayTests" time="0.001"/>
  <testcase name="test1Jan1900Previous" classname="org.jfree.data.time.junit.DayTests" time="0"/>
  <testcase name="testNotCloneable" classname="org.jfree.data.time.junit.DayTests" time="0"/>
  <testcase name="testHashcode" classname="org.jfree.data.time.junit.DayTests" time="0"/>
  <testcase name="testGetSerialIndex" classname="org.jfree.data.time.junit.DayTests" time="0"/>
  <testcase name="testEquals" classname="org.jfree.data.time.junit.DayTests" time="0"/>
  <testcase name="testGetEnd" classname="org.jfree.data.time.junit.DayTests" time="0.001"/>
  <testcase name="testParseDay" classname="org.jfree.data.time.junit.DayTests" time="0"/>
  <testcase name="testGetLastMillisecond" classname="org.jfree.data.time.junit.DayTests" time="0"/>
  <testcase name="testGetLastMillisecondWithTimeZone" classname="org.jfree.data.time.junit.DayTests" time="0"/>
  <testcase name="testSerialization" classname="org.jfree.data.time.junit.FixedMillisecondTests" time="0.001"/>
  <testcase name="testNotCloneable" classname="org.jfree.data.time.junit.FixedMillisecondTests" time="0"/>
  <testcase name="testHashcode" classname="org.jfree.data.time.junit.FixedMillisecondTests" time="0"/>
  <testcase name="testGetFirstMillisecondWithCalendar" classname="org.jfree.data.time.junit.HourTests" time="0.001"/>
  <testcase name="testLastHourPrevious" classname="org.jfree.data.time.junit.HourTests" time="0"/>
  <testcase name="testGetStart" classname="org.jfree.data.time.junit.HourTests" time="0"/>
  <testcase name="testSerialization" classname="org.jfree.data.time.junit.HourTests" time="0.001"/>
  <testcase name="testParseHour" classname="org.jfree.data.time.junit.HourTests" time="0"/>
  <testcase name="testNext" classname="org.jfree.data.time.junit.HourTests" time="0.001"/>
  <testcase name="testLastHourNext" classname="org.jfree.data.time.junit.HourTests" time="0"/>
  <testcase name="testFirstHourPrevious" classname="org.jfree.data.time.junit.HourTests" time="0"/>
  <testcase name="testFirstHourNext" classname="org.jfree.data.time.junit.HourTests" time="0"/>
  <testcase name="testGetLastMillisecondWithCalendar" classname="org.jfree.data.time.junit.HourTests" time="0.001"/>
  <testcase name="testEqualsSelf" classname="org.jfree.data.time.junit.HourTests" time="0"/>
  <testcase name="testDateConstructor1" classname="org.jfree.data.time.junit.HourTests" time="0"/>
  <testcase name="testDateConstructor2" classname="org.jfree.data.time.junit.HourTests" time="0"/>
  <testcase name="testGetFirstMillisecond" classname="org.jfree.data.time.junit.HourTests" time="0"/>
  <testcase name="testGetFirstMillisecondWithTimeZone" classname="org.jfree.data.time.junit.HourTests" time="0"/>
  <testcase name="testNotCloneable" classname="org.jfree.data.time.junit.HourTests" time="0"/>
  <testcase name="testHashcode" classname="org.jfree.data.time.junit.HourTests" time="0"/>
  <testcase name="testGetSerialIndex" classname="org.jfree.data.time.junit.HourTests" time="0"/>
  <testcase name="testEquals" classname="org.jfree.data.time.junit.HourTests" time="0.001"/>
  <testcase name="testGetEnd" classname="org.jfree.data.time.junit.HourTests" time="0"/>
  <testcase name="testGetLastMillisecond" classname="org.jfree.data.time.junit.HourTests" time="0"/>
  <testcase name="testGetLastMillisecondWithTimeZone" classname="org.jfree.data.time.junit.HourTests" time="0"/>
  <testcase name="testGetFirstMillisecondWithCalendar" classname="org.jfree.data.time.junit.MinuteTests" time="0.001"/>
  <testcase name="testGetStart" classname="org.jfree.data.time.junit.MinuteTests" time="0"/>
  <testcase name="testSerialization" classname="org.jfree.data.time.junit.MinuteTests" time="0.001"/>
  <testcase name="testNext" classname="org.jfree.data.time.junit.MinuteTests" time="0.001"/>
  <testcase name="testGetLastMillisecondWithCalendar" classname="org.jfree.data.time.junit.MinuteTests" time="0"/>
  <testcase name="testEqualsSelf" classname="org.jfree.data.time.junit.MinuteTests" time="0"/>
  <testcase name="testDateConstructor1" classname="org.jfree.data.time.junit.MinuteTests" time="0"/>
  <testcase name="testDateConstructor2" classname="org.jfree.data.time.junit.MinuteTests" time="0.001"/>
  <testcase name="test1611872" classname="org.jfree.data.time.junit.MinuteTests" time="0"/>
  <testcase name="testGetFirstMillisecond" classname="org.jfree.data.time.junit.MinuteTests" time="0"/>
  <testcase name="testGetFirstMillisecondWithTimeZone" classname="org.jfree.data.time.junit.MinuteTests" time="0.001"/>
  <testcase name="testNotCloneable" classname="org.jfree.data.time.junit.MinuteTests" time="0"/>
  <testcase name="testHashcode" classname="org.jfree.data.time.junit.MinuteTests" time="0"/>
  <testcase name="testGetSerialIndex" classname="org.jfree.data.time.junit.MinuteTests" time="0"/>
  <testcase name="testEquals" classname="org.jfree.data.time.junit.MinuteTests" time="0.001"/>
  <testcase name="testGetEnd" classname="org.jfree.data.time.junit.MinuteTests" time="0"/>
  <testcase name="testGetLastMillisecond" classname="org.jfree.data.time.junit.MinuteTests" time="0"/>
  <testcase name="testGetLastMillisecondWithTimeZone" classname="org.jfree.data.time.junit.MinuteTests" time="0"/>
  <testcase name="testGetFirstMillisecondWithCalendar" classname="org.jfree.data.time.junit.MillisecondTests" time="0.002"/>
  <testcase name="testGetStart" classname="org.jfree.data.time.junit.MillisecondTests" time="0"/>
  <testcase name="testSerialization" classname="org.jfree.data.time.junit.MillisecondTests" time="0.001"/>
  <testcase name="testNext" classname="org.jfree.data.time.junit.MillisecondTests" time="0.003"/>
  <testcase name="testGetLastMillisecondWithCalendar" classname="org.jfree.data.time.junit.MillisecondTests" time="0.001"/>
  <testcase name="testEqualsSelf" classname="org.jfree.data.time.junit.MillisecondTests" time="0"/>
  <testcase name="testDateConstructor1" classname="org.jfree.data.time.junit.MillisecondTests" time="0"/>
  <testcase name="testDateConstructor2" classname="org.jfree.data.time.junit.MillisecondTests" time="0"/>
  <testcase name="testGetFirstMillisecond" classname="org.jfree.data.time.junit.MillisecondTests" time="0.001"/>
  <testcase name="testGetFirstMillisecondWithTimeZone" classname="org.jfree.data.time.junit.MillisecondTests" time="0"/>
  <testcase name="testNotCloneable" classname="org.jfree.data.time.junit.MillisecondTests" time="0.001"/>
  <testcase name="testHashcode" classname="org.jfree.data.time.junit.MillisecondTests" time="0.001"/>
  <testcase name="test943985" classname="org.jfree.data.time.junit.MillisecondTests" time="0"/>
  <testcase name="testGetSerialIndex" classname="org.jfree.data.time.junit.MillisecondTests" time="0.001"/>
  <testcase name="testEquals" classname="org.jfree.data.time.junit.MillisecondTests" time="0"/>
  <testcase name="testGetEnd" classname="org.jfree.data.time.junit.MillisecondTests" time="0.001"/>
  <testcase name="testGetLastMillisecond" classname="org.jfree.data.time.junit.MillisecondTests" time="0"/>
  <testcase name="testGetLastMillisecondWithTimeZone" classname="org.jfree.data.time.junit.MillisecondTests" time="0.001"/>
  <testcase name="testGetFirstMillisecondWithCalendar" classname="org.jfree.data.time.junit.MonthTests" time="0"/>
  <testcase name="testParseMonth" classname="org.jfree.data.time.junit.MonthTests" time="0.001"/>
  <testcase name="testGetStart" classname="org.jfree.data.time.junit.MonthTests" time="0"/>
  <testcase name="testSerialization" classname="org.jfree.data.time.junit.MonthTests" time="0.001"/>
  <testcase name="testNext" classname="org.jfree.data.time.junit.MonthTests" time="0"/>
  <testcase name="testJan1900Next" classname="org.jfree.data.time.junit.MonthTests" time="0.001"/>
  <testcase name="testGetLastMillisecondWithCalendar" classname="org.jfree.data.time.junit.MonthTests" time="0"/>
  <testcase name="testEqualsSelf" classname="org.jfree.data.time.junit.MonthTests" time="0"/>
  <testcase name="testDateConstructor1" classname="org.jfree.data.time.junit.MonthTests" time="0.001"/>
  <testcase name="testDateConstructor2" classname="org.jfree.data.time.junit.MonthTests" time="0"/>
  <testcase name="testDec9999Next" classname="org.jfree.data.time.junit.MonthTests" time="0"/>
  <testcase name="testGetFirstMillisecond" classname="org.jfree.data.time.junit.MonthTests" time="0.001"/>
  <testcase name="testGetFirstMillisecondWithTimeZone" classname="org.jfree.data.time.junit.MonthTests" time="0"/>
  <testcase name="testNotCloneable" classname="org.jfree.data.time.junit.MonthTests" time="0"/>
  <testcase name="testJan1900Previous" classname="org.jfree.data.time.junit.MonthTests" time="0.001"/>
  <testcase name="testHashcode" classname="org.jfree.data.time.junit.MonthTests" time="0"/>
  <testcase name="testGetSerialIndex" classname="org.jfree.data.time.junit.MonthTests" time="0"/>
  <testcase name="testEquals" classname="org.jfree.data.time.junit.MonthTests" time="0.001"/>
  <testcase name="testGetEnd" classname="org.jfree.data.time.junit.MonthTests" time="0"/>
  <testcase name="testDec9999Previous" classname="org.jfree.data.time.junit.MonthTests" time="0"/>
  <testcase name="testGetLastMillisecond" classname="org.jfree.data.time.junit.MonthTests" time="0.001"/>
  <testcase name="testGetLastMillisecondWithTimeZone" classname="org.jfree.data.time.junit.MonthTests" time="0"/>
  <testcase name="test1" classname="org.jfree.data.time.junit.MovingAverageTests" time="0.001"/>
  <testcase name="testGetFirstMillisecondWithCalendar" classname="org.jfree.data.time.junit.QuarterTests" time="0.001"/>
  <testcase name="testGetStart" classname="org.jfree.data.time.junit.QuarterTests" time="0"/>
  <testcase name="testSerialization" classname="org.jfree.data.time.junit.QuarterTests" time="0.001"/>
  <testcase name="testQ1Y1900Previous" classname="org.jfree.data.time.junit.QuarterTests" time="0"/>
  <testcase name="testNext" classname="org.jfree.data.time.junit.QuarterTests" time="0.001"/>
  <testcase name="testQ1Y1900Next" classname="org.jfree.data.time.junit.QuarterTests" time="0"/>
  <testcase name="testGetLastMillisecondWithCalendar" classname="org.jfree.data.time.junit.QuarterTests" time="0"/>
  <testcase name="testEqualsSelf" classname="org.jfree.data.time.junit.QuarterTests" time="0.001"/>
  <testcase name="testParseQuarter" classname="org.jfree.data.time.junit.QuarterTests" time="0"/>
  <testcase name="testDateConstructor1" classname="org.jfree.data.time.junit.QuarterTests" time="0.001"/>
  <testcase name="testDateConstructor2" classname="org.jfree.data.time.junit.QuarterTests" time="0"/>
  <testcase name="testQ4Y9999Next" classname="org.jfree.data.time.junit.QuarterTests" time="0"/>
  <testcase name="testGetFirstMillisecond" classname="org.jfree.data.time.junit.QuarterTests" time="0.001"/>
  <testcase name="testGetFirstMillisecondWithTimeZone" classname="org.jfree.data.time.junit.QuarterTests" time="0"/>
  <testcase name="testNotCloneable" classname="org.jfree.data.time.junit.QuarterTests" time="0"/>
  <testcase name="testHashcode" classname="org.jfree.data.time.junit.QuarterTests" time="0"/>
  <testcase name="testGetSerialIndex" classname="org.jfree.data.time.junit.QuarterTests" time="0.001"/>
  <testcase name="testEquals" classname="org.jfree.data.time.junit.QuarterTests" time="0"/>
  <testcase name="testGetEnd" classname="org.jfree.data.time.junit.QuarterTests" time="0"/>
  <testcase name="testQ4Y9999Previous" classname="org.jfree.data.time.junit.QuarterTests" time="0.001"/>
  <testcase name="testGetLastMillisecond" classname="org.jfree.data.time.junit.QuarterTests" time="0"/>
  <testcase name="testGetLastMillisecondWithTimeZone" classname="org.jfree.data.time.junit.QuarterTests" time="0"/>
  <testcase name="testConstructor" classname="org.jfree.data.time.junit.QuarterTests" time="0.001"/>
  <testcase name="testGetFirstMillisecondWithCalendar" classname="org.jfree.data.time.junit.SecondTests" time="0"/>
  <testcase name="testGetStart" classname="org.jfree.data.time.junit.SecondTests" time="0"/>
  <testcase name="testSerialization" classname="org.jfree.data.time.junit.SecondTests" time="0.001"/>
  <testcase name="testNext" classname="org.jfree.data.time.junit.SecondTests" time="0.001"/>
  <testcase name="testGetLastMillisecondWithCalendar" classname="org.jfree.data.time.junit.SecondTests" time="0"/>
  <testcase name="testEqualsSelf" classname="org.jfree.data.time.junit.SecondTests" time="0"/>
  <testcase name="testDateConstructor1" classname="org.jfree.data.time.junit.SecondTests" time="0"/>
  <testcase name="testDateConstructor2" classname="org.jfree.data.time.junit.SecondTests" time="0"/>
  <testcase name="testGetFirstMillisecond" classname="org.jfree.data.time.junit.SecondTests" time="0"/>
  <testcase name="testGetFirstMillisecondWithTimeZone" classname="org.jfree.data.time.junit.SecondTests" time="0"/>
  <testcase name="testNotCloneable" classname="org.jfree.data.time.junit.SecondTests" time="0"/>
  <testcase name="testHashcode" classname="org.jfree.data.time.junit.SecondTests" time="0.001"/>
  <testcase name="testGetSerialIndex" classname="org.jfree.data.time.junit.SecondTests" time="0"/>
  <testcase name="testEquals" classname="org.jfree.data.time.junit.SecondTests" time="0"/>
  <testcase name="testGetEnd" classname="org.jfree.data.time.junit.SecondTests" time="0.001"/>
  <testcase name="testGetLastMillisecond" classname="org.jfree.data.time.junit.SecondTests" time="0"/>
  <testcase name="testGetLastMillisecondWithTimeZone" classname="org.jfree.data.time.junit.SecondTests" time="0"/>
  <testcase name="testSerialization" classname="org.jfree.data.time.junit.SimpleTimePeriodTests" time="0"/>
  <testcase name="testClone" classname="org.jfree.data.time.junit.SimpleTimePeriodTests" time="0"/>
  <testcase name="testCompareTo" classname="org.jfree.data.time.junit.SimpleTimePeriodTests" time="0"/>
  <testcase name="testEqualsSelf" classname="org.jfree.data.time.junit.SimpleTimePeriodTests" time="0"/>
  <testcase name="testHashcode" classname="org.jfree.data.time.junit.SimpleTimePeriodTests" time="0"/>
  <testcase name="testEquals" classname="org.jfree.data.time.junit.SimpleTimePeriodTests" time="0"/>
  <testcase name="testSerialization" classname="org.jfree.data.time.junit.TimePeriodAnchorTests" time="0.001"/>
  <testcase name="testEquals" classname="org.jfree.data.time.junit.TimePeriodAnchorTests" time="0"/>
  <testcase name="testSerialization" classname="org.jfree.data.time.junit.TimePeriodValueTests" time="0.001"/>
  <testcase name="testEqualsSelf" classname="org.jfree.data.time.junit.TimePeriodValueTests" time="0"/>
  <testcase name="testEquals" classname="org.jfree.data.time.junit.TimePeriodValueTests" time="0"/>
  <testcase name="testSerialization" classname="org.jfree.data.time.junit.TimePeriodValuesTests" time="0.003"/>
  <testcase name="testAdd" classname="org.jfree.data.time.junit.TimePeriodValuesTests" time="0"/>
  <testcase name="testClone" classname="org.jfree.data.time.junit.TimePeriodValuesTests" time="0.001"/>
  <testcase name="testAddValue" classname="org.jfree.data.time.junit.TimePeriodValuesTests" time="0.001"/>
  <testcase name="test1161329" classname="org.jfree.data.time.junit.TimePeriodValuesTests" time="0"/>
  <testcase name="testEquals" classname="org.jfree.data.time.junit.TimePeriodValuesTests" time="0.001"/>
  <testcase name="testGetDomainBoundsWithoutInterval" classname="org.jfree.data.time.junit.TimePeriodValuesCollectionTests" time="0"/>
  <testcase name="testSerialization" classname="org.jfree.data.time.junit.TimePeriodValuesCollectionTests" time="0.001"/>
  <testcase name="testGetDomainBoundsWithInterval" classname="org.jfree.data.time.junit.TimePeriodValuesCollectionTests" time="0"/>
  <testcase name="test1161340" classname="org.jfree.data.time.junit.TimePeriodValuesCollectionTests" time="0.001"/>
  <testcase name="testEquals" classname="org.jfree.data.time.junit.TimePeriodValuesCollectionTests" time="0"/>
  <testcase name="testGetSeries" classname="org.jfree.data.time.junit.TimePeriodValuesCollectionTests" time="0"/>
  <testcase name="testSerialization" classname="org.jfree.data.time.junit.TimeSeriesCollectionTests" time="0.006"/>
  <testcase name="testGetSurroundingItems" classname="org.jfree.data.time.junit.TimeSeriesCollectionTests" time="0.001"/>
  <testcase name="test1170825" classname="org.jfree.data.time.junit.TimeSeriesCollectionTests" time="0"/>
  <testcase name="testRemoveSeries" classname="org.jfree.data.time.junit.TimeSeriesCollectionTests" time="0"/>
  <testcase name="testEquals" classname="org.jfree.data.time.junit.TimeSeriesCollectionTests" time="0"/>
  <testcase name="testIndexOf" classname="org.jfree.data.time.junit.TimeSeriesCollectionTests" time="0"/>
  <testcase name="testEquals2" classname="org.jfree.data.time.junit.TimeSeriesTests" time="0.001"/>
  <testcase name="testGetIndex" classname="org.jfree.data.time.junit.TimeSeriesTests" time="0.001"/>
  <testcase name="testGetValue" classname="org.jfree.data.time.junit.TimeSeriesTests" time="0"/>
  <testcase name="testSerialization" classname="org.jfree.data.time.junit.TimeSeriesTests" time="0.002"/>
  <testcase name="testClone" classname="org.jfree.data.time.junit.TimeSeriesTests" time="0.001"/>
  <testcase name="testCreateCopy1" classname="org.jfree.data.time.junit.TimeSeriesTests" time="0.001"/>
  <testcase name="testCreateCopy2" classname="org.jfree.data.time.junit.TimeSeriesTests" time="0.001"/>
  <testcase name="testAddOrUpdate" classname="org.jfree.data.time.junit.TimeSeriesTests" time="0.001"/>
  <testcase name="testAddValue" classname="org.jfree.data.time.junit.TimeSeriesTests" time="0.001"/>
  <testcase name="testRemoveAgedItems" classname="org.jfree.data.time.junit.TimeSeriesTests" time="0"/>
  <testcase name="testSetMaximumItemCount" classname="org.jfree.data.time.junit.TimeSeriesTests" time="0.001"/>
  <testcase name="testGetDataItem1" classname="org.jfree.data.time.junit.TimeSeriesTests" time="0.001"/>
  <testcase name="testGetDataItem2" classname="org.jfree.data.time.junit.TimeSeriesTests" time="0"/>
  <testcase name="testHashCode" classname="org.jfree.data.time.junit.TimeSeriesTests" time="0.001"/>
  <testcase name="testDelete2" classname="org.jfree.data.time.junit.TimeSeriesTests" time="0.001"/>
  <testcase name="testClone2" classname="org.jfree.data.time.junit.TimeSeriesTests" time="0.001"/>
  <testcase name="testDelete" classname="org.jfree.data.time.junit.TimeSeriesTests" time="0"/>
  <testcase name="testEquals" classname="org.jfree.data.time.junit.TimeSeriesTests" time="0.001"/>
  <testcase name="testBug1075255" classname="org.jfree.data.time.junit.TimeSeriesTests" time="0"/>
  <testcase name="testRemoveAgedItems2" classname="org.jfree.data.time.junit.TimeSeriesTests" time="0.001"/>
  <testcase name="testBug1832432" classname="org.jfree.data.time.junit.TimeSeriesTests" time="0"/>
  <testcase name="testSerialization" classname="org.jfree.data.time.junit.TimeSeriesDataItemTests" time="0.001"/>
  <testcase name="testEqualsSelf" classname="org.jfree.data.time.junit.TimeSeriesDataItemTests" time="0"/>
  <testcase name="testEquals" classname="org.jfree.data.time.junit.TimeSeriesDataItemTests" time="0"/>
  <testcase name="testGetTimePeriod" classname="org.jfree.data.time.junit.TimeTableXYDatasetTests" time="0.001"/>
  <testcase name="testSerialization" classname="org.jfree.data.time.junit.TimeTableXYDatasetTests" time="0.002"/>
  <testcase name="testClear" classname="org.jfree.data.time.junit.TimeTableXYDatasetTests" time="0"/>
  <testcase name="testClone" classname="org.jfree.data.time.junit.TimeTableXYDatasetTests" time="0.001"/>
  <testcase name="testEquals" classname="org.jfree.data.time.junit.TimeTableXYDatasetTests" time="0"/>
  <testcase name="testStandard" classname="org.jfree.data.time.junit.TimeTableXYDatasetTests" time="0"/>
  <testcase name="testGetFirstMillisecondWithCalendar" classname="org.jfree.data.time.junit.WeekTests" time="0.001"/>
  <testcase name="testGetStart" classname="org.jfree.data.time.junit.WeekTests" time="0.001"/>
  <testcase name="testWeek12005" classname="org.jfree.data.time.junit.WeekTests" time="0"/>
  <testcase name="testSerialization" classname="org.jfree.data.time.junit.WeekTests" time="0.001"/>
  <testcase name="testNext" classname="org.jfree.data.time.junit.WeekTests" time="0.001"/>
  <testcase name="testW1Y1900Previous" classname="org.jfree.data.time.junit.WeekTests" time="0"/>
  <testcase name="testGetLastMillisecondWithCalendar" classname="org.jfree.data.time.junit.WeekTests" time="0.001"/>
  <testcase name="testGetFirstMillisecond" classname="org.jfree.data.time.junit.WeekTests" time="0"/>
  <testcase name="testGetFirstMillisecondWithTimeZone" classname="org.jfree.data.time.junit.WeekTests" time="0.001"/>
  <testcase name="testNotCloneable" classname="org.jfree.data.time.junit.WeekTests" time="0"/>
  <testcase name="testHashcode" classname="org.jfree.data.time.junit.WeekTests" time="0.001"/>
  <testcase name="testW52Y9999Next" classname="org.jfree.data.time.junit.WeekTests" time="0"/>
  <testcase name="testGetSerialIndex" classname="org.jfree.data.time.junit.WeekTests" time="0"/>
  <testcase name="testW52Y9999Previous" classname="org.jfree.data.time.junit.WeekTests" time="0"/>
  <testcase name="testEquals" classname="org.jfree.data.time.junit.WeekTests" time="0.001"/>
  <testcase name="testGetEnd" classname="org.jfree.data.time.junit.WeekTests" time="0"/>
  <testcase name="testWeek532005" classname="org.jfree.data.time.junit.WeekTests" time="0.001"/>
  <testcase name="testW1Y1900Next" classname="org.jfree.data.time.junit.WeekTests" time="0"/>
  <testcase name="testBug1448828" classname="org.jfree.data.time.junit.WeekTests" time="0"/>
  <testcase name="testBug1498805" classname="org.jfree.data.time.junit.WeekTests" time="0.001"/>
  <testcase name="testGetLastMillisecond" classname="org.jfree.data.time.junit.WeekTests" time="0"/>
  <testcase name="testGetLastMillisecondWithTimeZone" classname="org.jfree.data.time.junit.WeekTests" time="0.001"/>
  <testcase name="testConstructor" classname="org.jfree.data.time.junit.WeekTests" time="0"/>
  <testcase name="testGetFirstMillisecondWithCalendar" classname="org.jfree.data.time.junit.YearTests" time="0"/>
  <testcase name="testGetStart" classname="org.jfree.data.time.junit.YearTests" time="0"/>
  <testcase name="testSerialization" classname="org.jfree.data.time.junit.YearTests" time="0.001"/>
  <testcase name="testParseYear" classname="org.jfree.data.time.junit.YearTests" time="0"/>
  <testcase name="testNext" classname="org.jfree.data.time.junit.YearTests" time="0"/>
  <testcase name="testGetLastMillisecondWithCalendar" classname="org.jfree.data.time.junit.YearTests" time="0"/>
  <testcase name="testEqualsSelf" classname="org.jfree.data.time.junit.YearTests" time="0"/>
  <testcase name="testDateConstructor1" classname="org.jfree.data.time.junit.YearTests" time="0"/>
  <testcase name="testDateConstructor2" classname="org.jfree.data.time.junit.YearTests" time="0.001"/>
  <testcase name="testGetFirstMillisecond" classname="org.jfree.data.time.junit.YearTests" time="0"/>
  <testcase name="testGetFirstMillisecondWithTimeZone" classname="org.jfree.data.time.junit.YearTests" time="0"/>
  <testcase name="testNotCloneable" classname="org.jfree.data.time.junit.YearTests" time="0"/>
  <testcase name="test1900Next" classname="org.jfree.data.time.junit.YearTests" time="0"/>
  <testcase name="test1900Previous" classname="org.jfree.data.time.junit.YearTests" time="0"/>
  <testcase name="test9999Previous" classname="org.jfree.data.time.junit.YearTests" time="0"/>
  <testcase name="testHashcode" classname="org.jfree.data.time.junit.YearTests" time="0"/>
  <testcase name="testGetSerialIndex" classname="org.jfree.data.time.junit.YearTests" time="0"/>
  <testcase name="testEquals" classname="org.jfree.data.time.junit.YearTests" time="0"/>
  <testcase name="testGetEnd" classname="org.jfree.data.time.junit.YearTests" time="0"/>
  <testcase name="test9999Next" classname="org.jfree.data.time.junit.YearTests" time="0"/>
  <testcase name="testGetLastMillisecond" classname="org.jfree.data.time.junit.YearTests" time="0"/>
  <testcase name="testGetLastMillisecondWithTimeZone" classname="org.jfree.data.time.junit.YearTests" time="0"/>
</testsuite>