<?xml version="1.0" encoding="UTF-8"?>
<testsuite name="org.jfree.chart.junit.ChartPackageTests" time="0.259" tests="104" errors="0" skipped="0" failures="0">
  <properties>
[...]
</properties>
  <testcase name="testDrawWithNullInfo" classname="org.jfree.chart.junit.AreaChartTests" time="0.055"/>
  <testcase name="testSetSeriesToolTipGenerator" classname="org.jfree.chart.junit.AreaChartTests" time="0"/>
  <testcase name="testSetSeriesURLGenerator" classname="org.jfree.chart.junit.AreaChartTests" time="0.001"/>
  <testcase name="testReplaceDataset" classname="org.jfree.chart.junit.AreaChartTests" time="0.001"/>
  <testcase name="testDrawWithNullInfo" classname="org.jfree.chart.junit.BarChartTests" time="0.004"/>
  <testcase name="testSetSeriesToolTipGenerator" classname="org.jfree.chart.junit.BarChartTests" time="0"/>
  <testcase name="testSetSeriesURLGenerator" classname="org.jfree.chart.junit.BarChartTests" time="0.001"/>
  <testcase name="testReplaceDataset" classname="org.jfree.chart.junit.BarChartTests" time="0"/>
  <testcase name="testDrawWithNullInfo" classname="org.jfree.chart.junit.BarChart3DTests" time="0.004"/>
  <testcase name="testSetSeriesToolTipGenerator" classname="org.jfree.chart.junit.BarChart3DTests" time="0"/>
  <testcase name="testSetSeriesURLGenerator" classname="org.jfree.chart.junit.BarChart3DTests" time="0"/>
  <testcase name="testReplaceDataset" classname="org.jfree.chart.junit.BarChart3DTests" time="0.001"/>
  <testcase name="testConstructor1" classname="org.jfree.chart.junit.ChartPanelTests" time="0.024"/>
  <testcase name="testGetListeners" classname="org.jfree.chart.junit.ChartPanelTests" time="0.003"/>
  <testcase name="testSetChart" classname="org.jfree.chart.junit.ChartPanelTests" time="0.003"/>
  <testcase name="testSerialization" classname="org.jfree.chart.junit.ChartRenderingInfoTests" time="0.001"/>
  <testcase name="testCloning" classname="org.jfree.chart.junit.ChartRenderingInfoTests" time="0"/>
  <testcase name="testEquals" classname="org.jfree.chart.junit.ChartRenderingInfoTests" time="0"/>
  <testcase name="testSerialization2" classname="org.jfree.chart.junit.ChartRenderingInfoTests" time="0"/>
  <testcase name="testDrawWithNullInfo" classname="org.jfree.chart.junit.GanttChartTests" time="0.005"/>
  <testcase name="testSetSeriesToolTipGenerator" classname="org.jfree.chart.junit.GanttChartTests" time="0.001"/>
  <testcase name="testSetSeriesURLGenerator" classname="org.jfree.chart.junit.GanttChartTests" time="0.001"/>
  <testcase name="testDrawWithNullInfo2" classname="org.jfree.chart.junit.GanttChartTests" time="0.013"/>
  <testcase name="testReplaceDataset" classname="org.jfree.chart.junit.GanttChartTests" time="0.001"/>
  <testcase name="testEquals2" classname="org.jfree.chart.junit.JFreeChartTests" time="0.003"/>
  <testcase name="testSubtitleCount" classname="org.jfree.chart.junit.JFreeChartTests" time="0"/>
  <testcase name="testLegendEvents" classname="org.jfree.chart.junit.JFreeChartTests" time="0"/>
  <testcase name="testTitleChangeEvent" classname="org.jfree.chart.junit.JFreeChartTests" time="0.001"/>
  <testcase name="testGetSubtitle" classname="org.jfree.chart.junit.JFreeChartTests" time="0"/>
  <testcase name="testAddSubtitle" classname="org.jfree.chart.junit.JFreeChartTests" time="0"/>
  <testcase name="testEquals" classname="org.jfree.chart.junit.JFreeChartTests" time="0.002"/>
  <testcase name="testGetSubtitles" classname="org.jfree.chart.junit.JFreeChartTests" time="0"/>
  <testcase name="testSerialization1" classname="org.jfree.chart.junit.JFreeChartTests" time="0.009"/>
  <testcase name="testSerialization2" classname="org.jfree.chart.junit.JFreeChartTests" time="0.004"/>
  <testcase name="testSerialization3" classname="org.jfree.chart.junit.JFreeChartTests" time="0.015"/>
  <testcase name="testSerialization4" classname="org.jfree.chart.junit.JFreeChartTests" time="0.02"/>
  <testcase name="testSerialization" classname="org.jfree.chart.junit.LegendItemTests" time="0.002"/>
  <testcase name="testCloning" classname="org.jfree.chart.junit.LegendItemTests" time="0"/>
  <testcase name="testEquals" classname="org.jfree.chart.junit.LegendItemTests" time="0"/>
  <testcase name="testSerialization2" classname="org.jfree.chart.junit.LegendItemTests" time="0.001"/>
  <testcase name="testSerialization" classname="org.jfree.chart.junit.LegendItemCollectionTests" time="0.001"/>
  <testcase name="testCloning" classname="org.jfree.chart.junit.LegendItemCollectionTests" time="0"/>
  <testcase name="testEquals" classname="org.jfree.chart.junit.LegendItemCollectionTests" time="0"/>
  <testcase name="testDrawWithNullInfo" classname="org.jfree.chart.junit.LineChartTests" time="0.004"/>
  <testcase name="testSetSeriesToolTipGenerator" classname="org.jfree.chart.junit.LineChartTests" time="0.001"/>
  <testcase name="testSetSeriesURLGenerator" classname="org.jfree.chart.junit.LineChartTests" time="0"/>
  <testcase name="testReplaceDataset" classname="org.jfree.chart.junit.LineChartTests" time="0.001"/>
  <testcase name="testDrawWithNullInfo" classname="org.jfree.chart.junit.LineChart3DTests" time="0.004"/>
  <testcase name="testSetSeriesToolTipGenerator" classname="org.jfree.chart.junit.LineChart3DTests" time="0"/>
  <testcase name="testSetSeriesURLGenerator" classname="org.jfree.chart.junit.LineChart3DTests" time="0.001"/>
  <testcase name="testReplaceDataset" classname="org.jfree.chart.junit.LineChart3DTests" time="0"/>
  <testcase name="testDrawWithNullInfo" classname="org.jfree.chart.junit.MeterChartTests" time="0.003"/>
  <testcase name="testGetPaint" classname="org.jfree.chart.junit.PaintMapTests" time="0"/>
  <testcase name="testPut" classname="org.jfree.chart.junit.PaintMapTests" time="0"/>
  <testcase name="testKeysOfDifferentClasses" classname="org.jfree.chart.junit.PaintMapTests" time="0"/>
  <testcase name="testCloning" classname="org.jfree.chart.junit.PaintMapTests" time="0"/>
  <testcase name="testEquals" classname="org.jfree.chart.junit.PaintMapTests" time="0"/>
  <testcase name="testSerialization1" classname="org.jfree.chart.junit.PaintMapTests" time="0"/>
  <testcase name="testSerialization2" classname="org.jfree.chart.junit.PaintMapTests" time="0.001"/>
  <testcase name="testReplaceDatasetOnPieChart" classname="org.jfree.chart.junit.PieChartTests" time="0"/>
  <testcase name="testNullValueInDataset" classname="org.jfree.chart.junit.PieChart3DTests" time="0.01"/>
  <testcase name="testReplaceDatasetOnPieChart" classname="org.jfree.chart.junit.PieChart3DTests" time="0"/>
  <testcase name="testDrawWithNullInfo" classname="org.jfree.chart.junit.ScatterPlotTests" time="0.004"/>
  <testcase name="testSetSeriesToolTipGenerator" classname="org.jfree.chart.junit.ScatterPlotTests" time="0"/>
  <testcase name="testReplaceDataset" classname="org.jfree.chart.junit.ScatterPlotTests" time="0.001"/>
  <testcase name="testDrawWithNullInfo" classname="org.jfree.chart.junit.StackedAreaChartTests" time="0.004"/>
  <testcase name="testSetSeriesToolTipGenerator" classname="org.jfree.chart.junit.StackedAreaChartTests" time="0.001"/>
  <testcase name="testSetSeriesURLGenerator" classname="org.jfree.chart.junit.StackedAreaChartTests" time="0"/>
  <testcase name="testReplaceDataset" classname="org.jfree.chart.junit.StackedAreaChartTests" time="0.001"/>
  <testcase name="testDrawWithNullInfo" classname="org.jfree.chart.junit.StackedBarChartTests" time="0.003"/>
  <testcase name="testSetSeriesToolTipGenerator" classname="org.jfree.chart.junit.StackedBarChartTests" time="0"/>
  <testcase name="testSetSeriesURLGenerator" classname="org.jfree.chart.junit.StackedBarChartTests" time="0.001"/>
  <testcase name="testReplaceDataset" classname="org.jfree.chart.junit.StackedBarChartTests" time="0.001"/>
  <testcase name="testDrawWithNullInfo" classname="org.jfree.chart.junit.StackedBarChart3DTests" time="0.004"/>
  <testcase name="testSetSeriesToolTipGenerator" classname="org.jfree.chart.junit.StackedBarChart3DTests" time="0"/>
  <testcase name="testSetSeriesURLGenerator" classname="org.jfree.chart.junit.StackedBarChart3DTests" time="0.001"/>
  <testcase name="testReplaceDataset" classname="org.jfree.chart.junit.StackedBarChart3DTests" time="0"/>
  <testcase name="testPut" classname="org.jfree.chart.junit.StrokeMapTests" time="0.001"/>
  <testcase name="testCloning" classname="org.jfree.chart.junit.StrokeMapTests" time="0"/>
  <testcase name="testEquals" classname="org.jfree.chart.junit.StrokeMapTests" time="0"/>
  <testcase name="testGetStroke" classname="org.jfree.chart.junit.StrokeMapTests" time="0"/>
  <testcase name="testSerialization1" classname="org.jfree.chart.junit.StrokeMapTests" time="0"/>
  <testcase name="testSerialization2" classname="org.jfree.chart.junit.StrokeMapTests" time="0"/>
  <testcase name="testDrawWithNullInfo" classname="org.jfree.chart.junit.TimeSeriesChartTests" time="0.003"/>
  <testcase name="testSetSeriesToolTipGenerator" classname="org.jfree.chart.junit.TimeSeriesChartTests" time="0.001"/>
  <testcase name="testReplaceDataset" classname="org.jfree.chart.junit.TimeSeriesChartTests" time="0.001"/>
  <testcase name="testDrawWithNullInfo" classname="org.jfree.chart.junit.WaterfallChartTests" time="0.006"/>
  <testcase name="testSetSeriesToolTipGenerator" classname="org.jfree.chart.junit.WaterfallChartTests" time="0"/>
  <testcase name="testSetSeriesURLGenerator" classname="org.jfree.chart.junit.WaterfallChartTests" time="0"/>
  <testcase name="testDrawWithNullInfo" classname="org.jfree.chart.junit.XYAreaChartTests" time="0.004"/>
  <testcase name="testSetSeriesToolTipGenerator" classname="org.jfree.chart.junit.XYAreaChartTests" time="0.001"/>
  <testcase name="testReplaceDataset" classname="org.jfree.chart.junit.XYAreaChartTests" time="0.001"/>
  <testcase name="testDrawWithNullInfo" classname="org.jfree.chart.junit.XYBarChartTests" time="0.003"/>
  <testcase name="testSetSeriesToolTipGenerator" classname="org.jfree.chart.junit.XYBarChartTests" time="0"/>
  <testcase name="testReplaceDataset" classname="org.jfree.chart.junit.XYBarChartTests" time="0.001"/>
  <testcase name="testDrawWithNullInfo" classname="org.jfree.chart.junit.XYLineChartTests" time="0.003"/>
  <testcase name="testSetSeriesToolTipGenerator" classname="org.jfree.chart.junit.XYLineChartTests" time="0"/>
  <testcase name="testReplaceDataset" classname="org.jfree.chart.junit.XYLineChartTests" time="0.001"/>
  <testcase name="testDrawWithNullInfo" classname="org.jfree.chart.junit.XYStepAreaChartTests" time="0.004"/>
  <testcase name="testSetSeriesToolTipGenerator" classname="org.jfree.chart.junit.XYStepAreaChartTests" time="0"/>
  <testcase name="testReplaceDataset" classname="org.jfree.chart.junit.XYStepAreaChartTests" time="0.001"/>
  <testcase name="testDrawWithNullInfo" classname="org.jfree.chart.junit.XYStepChartTests" time="0.003"/>
  <testcase name="testSetSeriesToolTipGenerator" classname="org.jfree.chart.junit.XYStepChartTests" time="0.001"/>
  <testcase name="testReplaceDataset" classname="org.jfree.chart.junit.XYStepChartTests" time="0.001"/>
</testsuite>