<?xml version="1.0" encoding="UTF-8"?>
<testsuite name="org.apache.commons.jxpath.ri.model.dynabeans.DynaBeanModelTest" time="0.072" tests="50" errors="0" skipped="0" failures="0">
  <properties>
[...]
</properties>
  <testcase name="testAxisChild" classname="org.apache.commons.jxpath.ri.model.dynabeans.DynaBeanModelTest" time="0.009"/>
  <testcase name="testRemoveAllArrayElements" classname="org.apache.commons.jxpath.ri.model.dynabeans.DynaBeanModelTest" time="0.001"/>
  <testcase name="testAxisDescendantOrSelf" classname="org.apache.commons.jxpath.ri.model.dynabeans.DynaBeanModelTest" time="0.014"/>
  <testcase name="testAxisAncestor" classname="org.apache.commons.jxpath.ri.model.dynabeans.DynaBeanModelTest" time="0"/>
  <testcase name="testMultipleIterators" classname="org.apache.commons.jxpath.ri.model.dynabeans.DynaBeanModelTest" time="0.005"/>
  <testcase name="testRemovePathBeanValue" classname="org.apache.commons.jxpath.ri.model.dynabeans.DynaBeanModelTest" time="0"/>
  <testcase name="testCreatePathAndSetValueCreateBeanExpandCollection" classname="org.apache.commons.jxpath.ri.model.dynabeans.DynaBeanModelTest" time="0"/>
  <testcase name="testIndividualIterators" classname="org.apache.commons.jxpath.ri.model.dynabeans.DynaBeanModelTest" time="0"/>
  <testcase name="testSetCollectionElement" classname="org.apache.commons.jxpath.ri.model.dynabeans.DynaBeanModelTest" time="0.001"/>
  <testcase name="testAxisAttribute" classname="org.apache.commons.jxpath.ri.model.dynabeans.DynaBeanModelTest" time="0.001"/>
  <testcase name="testCreatePathAndSetValueExpandExistingCollection" classname="org.apache.commons.jxpath.ri.model.dynabeans.DynaBeanModelTest" time="0"/>
  <testcase name="testUnion" classname="org.apache.commons.jxpath.ri.model.dynabeans.DynaBeanModelTest" time="0.002"/>
  <testcase name="testRoot" classname="org.apache.commons.jxpath.ri.model.dynabeans.DynaBeanModelTest" time="0"/>
  <testcase name="testCreatePathExpandExistingCollection" classname="org.apache.commons.jxpath.ri.model.dynabeans.DynaBeanModelTest" time="0"/>
  <testcase name="testDocumentOrder" classname="org.apache.commons.jxpath.ri.model.dynabeans.DynaBeanModelTest" time="0.001"/>
  <testcase name="testAxisParent" classname="org.apache.commons.jxpath.ri.model.dynabeans.DynaBeanModelTest" time="0.008"/>
  <testcase name="testSetPropertyValue" classname="org.apache.commons.jxpath.ri.model.dynabeans.DynaBeanModelTest" time="0"/>
  <testcase name="testAxisChildNestedBean" classname="org.apache.commons.jxpath.ri.model.dynabeans.DynaBeanModelTest" time="0"/>
  <testcase name="testRelativeContextAbsolutePath" classname="org.apache.commons.jxpath.ri.model.dynabeans.DynaBeanModelTest" time="0"/>
  <testcase name="testIterateAndSet" classname="org.apache.commons.jxpath.ri.model.dynabeans.DynaBeanModelTest" time="0.001"/>
  <testcase name="testAxisFollowing" classname="org.apache.commons.jxpath.ri.model.dynabeans.DynaBeanModelTest" time="0.002"/>
  <testcase name="testIteratePropertyArrayWithHasNext" classname="org.apache.commons.jxpath.ri.model.dynabeans.DynaBeanModelTest" time="0"/>
  <testcase name="testRemoveAllListElements" classname="org.apache.commons.jxpath.ri.model.dynabeans.DynaBeanModelTest" time="0"/>
  <testcase name="testRelativeContextParent" classname="org.apache.commons.jxpath.ri.model.dynabeans.DynaBeanModelTest" time="0"/>
  <testcase name="testAxisChildNestedCollection" classname="org.apache.commons.jxpath.ri.model.dynabeans.DynaBeanModelTest" time="0"/>
  <testcase name="testAxisSelf" classname="org.apache.commons.jxpath.ri.model.dynabeans.DynaBeanModelTest" time="0"/>
  <testcase name="testCreatePathCreateBeanExpandCollection" classname="org.apache.commons.jxpath.ri.model.dynabeans.DynaBeanModelTest" time="0"/>
  <testcase name="testRelativeContextRelativePath" classname="org.apache.commons.jxpath.ri.model.dynabeans.DynaBeanModelTest" time="0"/>
  <testcase name="testAttributeLang" classname="org.apache.commons.jxpath.ri.model.dynabeans.DynaBeanModelTest" time="0"/>
  <testcase name="testAttributeName" classname="org.apache.commons.jxpath.ri.model.dynabeans.DynaBeanModelTest" time="0"/>
  <testcase name="testCreatePathAndSetValue" classname="org.apache.commons.jxpath.ri.model.dynabeans.DynaBeanModelTest" time="0"/>
  <testcase name="testCoreFunctions" classname="org.apache.commons.jxpath.ri.model.dynabeans.DynaBeanModelTest" time="0.001"/>
  <testcase name="testCreatePath" classname="org.apache.commons.jxpath.ri.model.dynabeans.DynaBeanModelTest" time="0"/>
  <testcase name="testRemoveAllMapEntries" classname="org.apache.commons.jxpath.ri.model.dynabeans.DynaBeanModelTest" time="0"/>
  <testcase name="testBooleanPredicate" classname="org.apache.commons.jxpath.ri.model.dynabeans.DynaBeanModelTest" time="0.008"/>
  <testcase name="testRemovePathArrayElement" classname="org.apache.commons.jxpath.ri.model.dynabeans.DynaBeanModelTest" time="0"/>
  <testcase name="testSetContextDependentNode" classname="org.apache.commons.jxpath.ri.model.dynabeans.DynaBeanModelTest" time="0"/>
  <testcase name="testCreatePathAndSetValueExpandNewCollection" classname="org.apache.commons.jxpath.ri.model.dynabeans.DynaBeanModelTest" time="0"/>
  <testcase name="testIteratePointerSetValue" classname="org.apache.commons.jxpath.ri.model.dynabeans.DynaBeanModelTest" time="0.001"/>
  <testcase name="testIndexPredicate" classname="org.apache.commons.jxpath.ri.model.dynabeans.DynaBeanModelTest" time="0.001"/>
  <testcase name="testCreatePathExpandNewCollection" classname="org.apache.commons.jxpath.ri.model.dynabeans.DynaBeanModelTest" time="0"/>
  <testcase name="testCreatePathExpandExistingCollectionAndSetProperty" classname="org.apache.commons.jxpath.ri.model.dynabeans.DynaBeanModelTest" time="0"/>
  <testcase name="testAxisPrecedingSibling" classname="org.apache.commons.jxpath.ri.model.dynabeans.DynaBeanModelTest" time="0.003"/>
  <testcase name="testIteratePropertyArrayWithoutHasNext" classname="org.apache.commons.jxpath.ri.model.dynabeans.DynaBeanModelTest" time="0.001"/>
  <testcase name="testSetNonPrimitiveValue" classname="org.apache.commons.jxpath.ri.model.dynabeans.DynaBeanModelTest" time="0"/>
  <testcase name="testAxisDescendant" classname="org.apache.commons.jxpath.ri.model.dynabeans.DynaBeanModelTest" time="0.005"/>
  <testcase name="testRelativeContextInheritance" classname="org.apache.commons.jxpath.ri.model.dynabeans.DynaBeanModelTest" time="0"/>
  <testcase name="testAxisFollowingSibling" classname="org.apache.commons.jxpath.ri.model.dynabeans.DynaBeanModelTest" time="0.007"/>
  <testcase name="testRemovePathPropertyValue" classname="org.apache.commons.jxpath.ri.model.dynabeans.DynaBeanModelTest" time="0"/>
  <testcase name="testAxisPreceding" classname="org.apache.commons.jxpath.ri.model.dynabeans.DynaBeanModelTest" time="0"/>
</testsuite>