<?xml version="1.0" encoding="UTF-8"?>
<testsuite name="org.apache.commons.jxpath.ri.model.MixedModelTest" time="0.075" tests="40" errors="0" skipped="0" failures="0">
  <properties>
[...]
</properties>
  <testcase name="testListElement" classname="org.apache.commons.jxpath.ri.model.MixedModelTest" time="0"/>
  <testcase name="testBeanContainer" classname="org.apache.commons.jxpath.ri.model.MixedModelTest" time="0"/>
  <testcase name="testIteratePointersArrayElementWithVariable" classname="org.apache.commons.jxpath.ri.model.MixedModelTest" time="0"/>
  <testcase name="testCollectionPointer" classname="org.apache.commons.jxpath.ri.model.MixedModelTest" time="0.004"/>
  <testcase name="testVar" classname="org.apache.commons.jxpath.ri.model.MixedModelTest" time="0.002"/>
  <testcase name="testListDocument" classname="org.apache.commons.jxpath.ri.model.MixedModelTest" time="0.002"/>
  <testcase name="testNull" classname="org.apache.commons.jxpath.ri.model.MixedModelTest" time="0.004"/>
  <testcase name="testListPrimitive" classname="org.apache.commons.jxpath.ri.model.MixedModelTest" time="0.002"/>
  <testcase name="testMapPrimitive" classname="org.apache.commons.jxpath.ri.model.MixedModelTest" time="0.001"/>
  <testcase name="testBeanMap" classname="org.apache.commons.jxpath.ri.model.MixedModelTest" time="0.002"/>
  <testcase name="testVarElement" classname="org.apache.commons.jxpath.ri.model.MixedModelTest" time="0.002"/>
  <testcase name="testMapDocument" classname="org.apache.commons.jxpath.ri.model.MixedModelTest" time="0.003"/>
  <testcase name="testListMap" classname="org.apache.commons.jxpath.ri.model.MixedModelTest" time="0.002"/>
  <testcase name="testVarBean" classname="org.apache.commons.jxpath.ri.model.MixedModelTest" time="0.001"/>
  <testcase name="testVarList" classname="org.apache.commons.jxpath.ri.model.MixedModelTest" time="0.001"/>
  <testcase name="testIterateVector" classname="org.apache.commons.jxpath.ri.model.MixedModelTest" time="0.002"/>
  <testcase name="testErrorProperty" classname="org.apache.commons.jxpath.ri.model.MixedModelTest" time="0.003"/>
  <testcase name="testVarPrimitive" classname="org.apache.commons.jxpath.ri.model.MixedModelTest" time="0.002"/>
  <testcase name="testIteratePointersArray" classname="org.apache.commons.jxpath.ri.model.MixedModelTest" time="0.002"/>
  <testcase name="testBeanElement" classname="org.apache.commons.jxpath.ri.model.MixedModelTest" time="0.002"/>
  <testcase name="testRootAsCollection" classname="org.apache.commons.jxpath.ri.model.MixedModelTest" time="0.002"/>
  <testcase name="testMapBean" classname="org.apache.commons.jxpath.ri.model.MixedModelTest" time="0.001"/>
  <testcase name="testMapList" classname="org.apache.commons.jxpath.ri.model.MixedModelTest" time="0.002"/>
  <testcase name="testCreatePath" classname="org.apache.commons.jxpath.ri.model.MixedModelTest" time="0.004"/>
  <testcase name="testListContainer" classname="org.apache.commons.jxpath.ri.model.MixedModelTest" time="0.002"/>
  <testcase name="testMapContainer" classname="org.apache.commons.jxpath.ri.model.MixedModelTest" time="0.002"/>
  <testcase name="testBeanPrimitive" classname="org.apache.commons.jxpath.ri.model.MixedModelTest" time="0.002"/>
  <testcase name="testVarDocument" classname="org.apache.commons.jxpath.ri.model.MixedModelTest" time="0.002"/>
  <testcase name="testIterateArray" classname="org.apache.commons.jxpath.ri.model.MixedModelTest" time="0.001"/>
  <testcase name="testVarContainer" classname="org.apache.commons.jxpath.ri.model.MixedModelTest" time="0.002"/>
  <testcase name="testMapMap" classname="org.apache.commons.jxpath.ri.model.MixedModelTest" time="0.002"/>
  <testcase name="testMatrix" classname="org.apache.commons.jxpath.ri.model.MixedModelTest" time="0.002"/>
  <testcase name="testBeanDocument" classname="org.apache.commons.jxpath.ri.model.MixedModelTest" time="0.002"/>
  <testcase name="testVarMap" classname="org.apache.commons.jxpath.ri.model.MixedModelTest" time="0.002"/>
  <testcase name="testCreatePathAndSetValueWithMatrix" classname="org.apache.commons.jxpath.ri.model.MixedModelTest" time="0.002"/>
  <testcase name="testMapElement" classname="org.apache.commons.jxpath.ri.model.MixedModelTest" time="0.002"/>
  <testcase name="testBeanBean" classname="org.apache.commons.jxpath.ri.model.MixedModelTest" time="0.001"/>
  <testcase name="testBeanList" classname="org.apache.commons.jxpath.ri.model.MixedModelTest" time="0.002"/>
  <testcase name="testListBean" classname="org.apache.commons.jxpath.ri.model.MixedModelTest" time="0.002"/>
  <testcase name="testListList" classname="org.apache.commons.jxpath.ri.model.MixedModelTest" time="0.001"/>
</testsuite>